<?xml version="1.0" encoding="UTF-8"?>
<!-- Generated by org.testng.reporters.JUnitReportReporter -->
<testsuite hostname="5CG6332Q3H" name="com.ctli.it.soap.Soap_Refrence" tests="1" failures="1" timestamp="27 Aug 2017 08:53:45 GMT" time="8.168" errors="0">
  <testcase name="test" time="8.168" classname="com.ctli.it.soap.Soap_Refrence">
    <failure type="com.eviware.soapui.impl.support.definition.support.InvalidDefinitionException">
      <![CDATA[com.eviware.soapui.impl.support.definition.support.InvalidDefinitionException
	at com.eviware.soapui.impl.wsdl.support.wsdl.WsdlLoader.makeInvalidDefinitionException(WsdlLoader.java:119)
	at com.eviware.soapui.impl.wsdl.support.wsdl.WsdlLoader.loadXmlObject(WsdlLoader.java:112)
	at com.eviware.soapui.impl.wsdl.support.xsd.SchemaUtils.getDefinitionParts(SchemaUtils.java:486)
	at com.eviware.soapui.impl.wsdl.support.xsd.SchemaUtils.getDefinitionParts(SchemaUtils.java:475)
	at com.eviware.soapui.impl.support.definition.support.AbstractDefinitionCache.update(AbstractDefinitionCache.java:92)
	at com.eviware.soapui.impl.support.definition.support.AbstractDefinitionContext$Loader.construct(AbstractDefinitionContext.java:208)
	at com.eviware.soapui.support.swing.SwingWorkerDelegator.construct(SwingWorkerDelegator.java:46)
	at com.eviware.soapui.support.swing.SwingWorker$2.run(SwingWorker.java:131)
	at java.lang.Thread.run(Thread.java:745)
]]>
    </failure>
  </testcase> <!-- test -->
</testsuite> <!-- com.ctli.it.soap.Soap_Refrence -->
