<?xml version="1.0" encoding="UTF-8"?>
<!-- Generated by org.testng.reporters.JUnitReportReporter -->
<testsuite hostname="5CG6332Q3H" name="com.ctli.it.mobiletestcase.BookMyShowTestCase" tests="1" failures="0" timestamp="28 Aug 2017 07:06:06 GMT" time="40.137" errors="0">
  <testcase name="bookMyShow" time="40.137" classname="com.ctli.it.mobiletestcase.BookMyShowTestCase"/>
</testsuite> <!-- com.ctli.it.mobiletestcase.BookMyShowTestCase -->
