<?xml version="1.0" encoding="UTF-8"?>
<!-- Generated by org.testng.reporters.JUnitReportReporter -->
<testsuite hostname="5CG6332Q3H" name="com.ctli.it.mobiletestcase.NaukriTestCase" tests="1" failures="0" timestamp="28 Aug 2017 11:37:56 GMT" time="206.298" errors="0">
  <testcase name="test" time="206.298" classname="com.ctli.it.mobiletestcase.NaukriTestCase"/>
</testsuite> <!-- com.ctli.it.mobiletestcase.NaukriTestCase -->
