<?xml version="1.0" encoding="UTF-8"?>
<!-- Generated by org.testng.reporters.JUnitReportReporter -->
<testsuite hostname="5CG6332Q3H" name="com.ctli.it.soap.CelsiusToFahrenheit" tests="1" failures="0" timestamp="27 Aug 2017 15:16:36 GMT" time="74.949" errors="0">
  <testcase name="CelsiusToFahrenheit" time="74.949" classname="com.ctli.it.soap.CelsiusToFahrenheit"/>
</testsuite> <!-- com.ctli.it.soap.CelsiusToFahrenheit -->
