<?xml version="1.0" encoding="UTF-8"?>
<!-- Generated by org.testng.reporters.JUnitReportReporter -->
<testsuite hostname="XIN009OLAB14917" name="com.ctli.it.testcases.NaukriTestCase1" tests="1" failures="0" timestamp="28 Aug 2017 14:38:46 GMT" time="125.904" errors="0">
  <testcase name="test" time="125.904" classname="com.ctli.it.testcases.NaukriTestCase1"/>
</testsuite> <!-- com.ctli.it.testcases.NaukriTestCase1 -->
