<?xml version="1.0" encoding="UTF-8"?>
<!-- Generated by org.testng.reporters.JUnitReportReporter -->
<testsuite hostname="5CG6332Q3H" name="com.ctli.it.testcases.RestService" tests="1" failures="0" timestamp="27 Aug 2017 15:16:36 GMT" time="13.372" errors="0">
  <testcase name="getResponse" time="13.372" classname="com.ctli.it.testcases.RestService"/>
</testsuite> <!-- com.ctli.it.testcases.RestService -->
